# xbus_monitor
#      begin_cycle,        end_cycle,       begin_time,         end_time,              r/w,             addr,      data(byten),
0000000000000002, 0000000000000004, 0000000000000019, 000000000000002d, w, 0000000000003036, 000000003295a878(000000000000000d),
0000000000000007, 0000000000000008, 000000000000004b, 0000000000000055, r, 0000000000003036, 0000000032950078(000000000000000d),
